<?xml version="1.0" encoding="utf-8"?><testsuites name="pytest tests"><testsuite name="pytest" errors="0" failures="0" skipped="0" tests="11" time="2.240" timestamp="2026-06-14T03:20:46.062874+00:00" hostname="agent-env-093db19e-f534-470f-ba06-aadf0e24eef5"><testcase classname="backend.tests.backend_test.TestRoot" name="test_root_payload" time="0.258" /><testcase classname="backend.tests.backend_test.TestInquiryCreate" name="test_create_valid_full" time="0.051" /><testcase classname="backend.tests.backend_test.TestInquiryCreate" name="test_create_minimal_required" time="0.047" /><testcase classname="backend.tests.backend_test.TestInquiryCreate" name="test_missing_name" time="0.046" /><testcase classname="backend.tests.backend_test.TestInquiryCreate" name="test_missing_email" time="0.048" /><testcase classname="backend.tests.backend_test.TestInquiryCreate" name="test_missing_intent" time="0.047" /><testcase classname="backend.tests.backend_test.TestInquiryCreate" name="test_invalid_email" time="0.049" /><testcase classname="backend.tests.backend_test.TestInquiryCreate" name="test_intent_too_short" time="0.047" /><testcase classname="backend.tests.backend_test.TestInquiryCreate" name="test_name_too_short" time="0.047" /><testcase classname="backend.tests.backend_test.TestInquiryList" name="test_list_after_creation" time="0.093" /><testcase classname="backend.tests.backend_test.TestInquiryList" name="test_list_sorted_desc" time="1.257" /></testsuite></testsuites>